<?xml version="1.0" encoding="UTF-8"?>
<!-- Generated by org.testng.reporters.JUnitReportReporter -->
<testsuite hostname="Bharath" failures="0" tests="3" name="com.application.tests.ApiTest" time="4.609" errors="0" timestamp="2024-05-01T10:30:29 IST" skipped="0">
  <testcase classname="com.application.tests.ApiTest" name="verifyCreateRepoRequest" time="2.954"/>
  <testcase classname="com.application.tests.ApiTest" name="verifyGetRepoRequest" time="0.896"/>
  <testcase classname="com.application.tests.ApiTest" name="verifyDeleteRepoRequest" time="0.759"/>
</testsuite> <!-- com.application.tests.ApiTest -->
